2026-02-04 21:23:09,306 INFO Bot started. Press Ctrl+C to stop.
2026-02-04 21:23:10,740 INFO HTTP Request: POST https://api.telegram.org/bot8544588795:AAFq99-I0Oua8FvaS0PK9OMAiM1nmuiumK0/getMe "HTTP/1.1 200 OK"
2026-02-04 21:23:11,131 INFO HTTP Request: POST https://api.telegram.org/bot8544588795:AAFq99-I0Oua8FvaS0PK9OMAiM1nmuiumK0/deleteWebhook "HTTP/1.1 200 OK"
2026-02-04 21:23:11,133 INFO Application started
2026-02-04 21:23:22,634 INFO HTTP Request: POST https://api.telegram.org/bot8544588795:AAFq99-I0Oua8FvaS0PK9OMAiM1nmuiumK0/getUpdates "HTTP/1.1 200 OK"
2026-02-04 21:23:31,316 INFO HTTP Request: POST https://api.telegram.org/bot8544588795:AAFq99-I0Oua8FvaS0PK9OMAiM1nmuiumK0/getUpdates "HTTP/1.1 200 OK"
2026-02-04 21:23:33,050 INFO HTTP Request: POST https://api.telegram.org/bot8544588795:AAFq99-I0Oua8FvaS0PK9OMAiM1nmuiumK0/sendChatAction "HTTP/1.1 200 OK"
2026-02-04 21:23:41,857 INFO HTTP Request: POST https://api.laozhang.ai/v1/chat/completions "HTTP/1.1 200 OK"
2026-02-04 21:23:42,004 INFO HTTP Request: POST https://api.telegram.org/bot8544588795:AAFq99-I0Oua8FvaS0PK9OMAiM1nmuiumK0/getUpdates "HTTP/1.1 200 OK"
2026-02-04 21:23:43,878 INFO HTTP Request: POST https://api.telegram.org/bot8544588795:AAFq99-I0Oua8FvaS0PK9OMAiM1nmuiumK0/sendMessage "HTTP/1.1 200 OK"
2026-02-04 21:23:52,376 INFO HTTP Request: POST https://api.telegram.org/bot8544588795:AAFq99-I0Oua8FvaS0PK9OMAiM1nmuiumK0/getUpdates "HTTP/1.1 200 OK"
2026-02-04 21:24:02,743 INFO HTTP Request: POST https://api.telegram.org/bot8544588795:AAFq99-I0Oua8FvaS0PK9OMAiM1nmuiumK0/getUpdates "HTTP/1.1 200 OK"
2026-02-04 21:24:13,114 INFO HTTP Request: POST https://api.telegram.org/bot8544588795:AAFq99-I0Oua8FvaS0PK9OMAiM1nmuiumK0/getUpdates "HTTP/1.1 200 OK"
2026-02-04 21:24:23,481 INFO HTTP Request: POST https://api.telegram.org/bot8544588795:AAFq99-I0Oua8FvaS0PK9OMAiM1nmuiumK0/getUpdates "HTTP/1.1 200 OK"
2026-02-04 21:24:33,862 INFO HTTP Request: POST https://api.telegram.org/bot8544588795:AAFq99-I0Oua8FvaS0PK9OMAiM1nmuiumK0/getUpdates "HTTP/1.1 200 OK"
2026-02-04 21:24:44,233 INFO HTTP Request: POST https://api.telegram.org/bot8544588795:AAFq99-I0Oua8FvaS0PK9OMAiM1nmuiumK0/getUpdates "HTTP/1.1 200 OK"
2026-02-04 21:24:54,602 INFO HTTP Request: POST https://api.telegram.org/bot8544588795:AAFq99-I0Oua8FvaS0PK9OMAiM1nmuiumK0/getUpdates "HTTP/1.1 200 OK"
2026-02-04 21:25:04,971 INFO HTTP Request: POST https://api.telegram.org/bot8544588795:AAFq99-I0Oua8FvaS0PK9OMAiM1nmuiumK0/getUpdates "HTTP/1.1 200 OK"
2026-02-04 21:25:15,347 INFO HTTP Request: POST https://api.telegram.org/bot8544588795:AAFq99-I0Oua8FvaS0PK9OMAiM1nmuiumK0/getUpdates "HTTP/1.1 200 OK"
2026-02-04 21:25:25,717 INFO HTTP Request: POST https://api.telegram.org/bot8544588795:AAFq99-I0Oua8FvaS0PK9OMAiM1nmuiumK0/getUpdates "HTTP/1.1 200 OK"
2026-02-04 21:25:36,089 INFO HTTP Request: POST https://api.telegram.org/bot8544588795:AAFq99-I0Oua8FvaS0PK9OMAiM1nmuiumK0/getUpdates "HTTP/1.1 200 OK"
2026-02-04 21:25:46,464 INFO HTTP Request: POST https://api.telegram.org/bot8544588795:AAFq99-I0Oua8FvaS0PK9OMAiM1nmuiumK0/getUpdates "HTTP/1.1 200 OK"
2026-02-04 21:25:57,146 INFO HTTP Request: POST https://api.telegram.org/bot8544588795:AAFq99-I0Oua8FvaS0PK9OMAiM1nmuiumK0/getUpdates "HTTP/1.1 200 OK"
2026-02-04 21:26:07,837 INFO HTTP Request: POST https://api.telegram.org/bot8544588795:AAFq99-I0Oua8FvaS0PK9OMAiM1nmuiumK0/getUpdates "HTTP/1.1 200 OK"
2026-02-04 21:26:18,207 INFO HTTP Request: POST https://api.telegram.org/bot8544588795:AAFq99-I0Oua8FvaS0PK9OMAiM1nmuiumK0/getUpdates "HTTP/1.1 200 OK"
2026-02-04 21:26:28,584 INFO HTTP Request: POST https://api.telegram.org/bot8544588795:AAFq99-I0Oua8FvaS0PK9OMAiM1nmuiumK0/getUpdates "HTTP/1.1 200 OK"
2026-02-04 21:26:38,952 INFO HTTP Request: POST https://api.telegram.org/bot8544588795:AAFq99-I0Oua8FvaS0PK9OMAiM1nmuiumK0/getUpdates "HTTP/1.1 200 OK"
2026-02-04 21:26:49,322 INFO HTTP Request: POST https://api.telegram.org/bot8544588795:AAFq99-I0Oua8FvaS0PK9OMAiM1nmuiumK0/getUpdates "HTTP/1.1 200 OK"
2026-02-04 21:26:59,698 INFO HTTP Request: POST https://api.telegram.org/bot8544588795:AAFq99-I0Oua8FvaS0PK9OMAiM1nmuiumK0/getUpdates "HTTP/1.1 200 OK"
2026-02-04 21:27:10,065 INFO HTTP Request: POST https://api.telegram.org/bot8544588795:AAFq99-I0Oua8FvaS0PK9OMAiM1nmuiumK0/getUpdates "HTTP/1.1 200 OK"
2026-02-04 21:27:20,440 INFO HTTP Request: POST https://api.telegram.org/bot8544588795:AAFq99-I0Oua8FvaS0PK9OMAiM1nmuiumK0/getUpdates "HTTP/1.1 200 OK"
2026-02-04 21:27:30,816 INFO HTTP Request: POST https://api.telegram.org/bot8544588795:AAFq99-I0Oua8FvaS0PK9OMAiM1nmuiumK0/getUpdates "HTTP/1.1 200 OK"
2026-02-04 21:27:41,183 INFO HTTP Request: POST https://api.telegram.org/bot8544588795:AAFq99-I0Oua8FvaS0PK9OMAiM1nmuiumK0/getUpdates "HTTP/1.1 200 OK"
2026-02-04 21:27:51,559 INFO HTTP Request: POST https://api.telegram.org/bot8544588795:AAFq99-I0Oua8FvaS0PK9OMAiM1nmuiumK0/getUpdates "HTTP/1.1 200 OK"
2026-02-04 21:28:01,931 INFO HTTP Request: POST https://api.telegram.org/bot8544588795:AAFq99-I0Oua8FvaS0PK9OMAiM1nmuiumK0/getUpdates "HTTP/1.1 200 OK"
2026-02-04 21:28:12,302 INFO HTTP Request: POST https://api.telegram.org/bot8544588795:AAFq99-I0Oua8FvaS0PK9OMAiM1nmuiumK0/getUpdates "HTTP/1.1 200 OK"
2026-02-04 21:28:22,676 INFO HTTP Request: POST https://api.telegram.org/bot8544588795:AAFq99-I0Oua8FvaS0PK9OMAiM1nmuiumK0/getUpdates "HTTP/1.1 200 OK"
2026-02-04 21:28:33,069 INFO HTTP Request: POST https://api.telegram.org/bot8544588795:AAFq99-I0Oua8FvaS0PK9OMAiM1nmuiumK0/getUpdates "HTTP/1.1 200 OK"
2026-02-04 21:28:43,514 INFO HTTP Request: POST https://api.telegram.org/bot8544588795:AAFq99-I0Oua8FvaS0PK9OMAiM1nmuiumK0/getUpdates "HTTP/1.1 200 OK"
2026-02-04 21:28:53,887 INFO HTTP Request: POST https://api.telegram.org/bot8544588795:AAFq99-I0Oua8FvaS0PK9OMAiM1nmuiumK0/getUpdates "HTTP/1.1 200 OK"
2026-02-04 21:29:04,263 INFO HTTP Request: POST https://api.telegram.org/bot8544588795:AAFq99-I0Oua8FvaS0PK9OMAiM1nmuiumK0/getUpdates "HTTP/1.1 200 OK"
2026-02-04 21:29:15,253 INFO HTTP Request: POST https://api.telegram.org/bot8544588795:AAFq99-I0Oua8FvaS0PK9OMAiM1nmuiumK0/getUpdates "HTTP/1.1 200 OK"
2026-02-04 21:29:25,625 INFO HTTP Request: POST https://api.telegram.org/bot8544588795:AAFq99-I0Oua8FvaS0PK9OMAiM1nmuiumK0/getUpdates "HTTP/1.1 200 OK"
2026-02-04 21:29:35,995 INFO HTTP Request: POST https://api.telegram.org/bot8544588795:AAFq99-I0Oua8FvaS0PK9OMAiM1nmuiumK0/getUpdates "HTTP/1.1 200 OK"
2026-02-04 21:29:47,618 INFO HTTP Request: POST https://api.telegram.org/bot8544588795:AAFq99-I0Oua8FvaS0PK9OMAiM1nmuiumK0/getUpdates "HTTP/1.1 200 OK"
2026-02-04 21:29:58,063 INFO HTTP Request: POST https://api.telegram.org/bot8544588795:AAFq99-I0Oua8FvaS0PK9OMAiM1nmuiumK0/getUpdates "HTTP/1.1 200 OK"
2026-02-04 21:30:08,443 INFO HTTP Request: POST https://api.telegram.org/bot8544588795:AAFq99-I0Oua8FvaS0PK9OMAiM1nmuiumK0/getUpdates "HTTP/1.1 200 OK"
2026-02-04 21:30:18,816 INFO HTTP Request: POST https://api.telegram.org/bot8544588795:AAFq99-I0Oua8FvaS0PK9OMAiM1nmuiumK0/getUpdates "HTTP/1.1 200 OK"
2026-02-04 21:30:29,295 INFO HTTP Request: POST https://api.telegram.org/bot8544588795:AAFq99-I0Oua8FvaS0PK9OMAiM1nmuiumK0/getUpdates "HTTP/1.1 200 OK"
2026-02-04 21:30:39,674 INFO HTTP Request: POST https://api.telegram.org/bot8544588795:AAFq99-I0Oua8FvaS0PK9OMAiM1nmuiumK0/getUpdates "HTTP/1.1 200 OK"
2026-02-04 21:30:50,083 INFO HTTP Request: POST https://api.telegram.org/bot8544588795:AAFq99-I0Oua8FvaS0PK9OMAiM1nmuiumK0/getUpdates "HTTP/1.1 200 OK"
2026-02-04 21:31:00,528 INFO HTTP Request: POST https://api.telegram.org/bot8544588795:AAFq99-I0Oua8FvaS0PK9OMAiM1nmuiumK0/getUpdates "HTTP/1.1 200 OK"
2026-02-04 21:31:10,910 INFO HTTP Request: POST https://api.telegram.org/bot8544588795:AAFq99-I0Oua8FvaS0PK9OMAiM1nmuiumK0/getUpdates "HTTP/1.1 200 OK"
2026-02-04 21:31:21,278 INFO HTTP Request: POST https://api.telegram.org/bot8544588795:AAFq99-I0Oua8FvaS0PK9OMAiM1nmuiumK0/getUpdates "HTTP/1.1 200 OK"
2026-02-04 21:31:31,651 INFO HTTP Request: POST https://api.telegram.org/bot8544588795:AAFq99-I0Oua8FvaS0PK9OMAiM1nmuiumK0/getUpdates "HTTP/1.1 200 OK"
2026-02-04 21:31:42,019 INFO HTTP Request: POST https://api.telegram.org/bot8544588795:AAFq99-I0Oua8FvaS0PK9OMAiM1nmuiumK0/getUpdates "HTTP/1.1 200 OK"
2026-02-04 21:31:52,406 INFO HTTP Request: POST https://api.telegram.org/bot8544588795:AAFq99-I0Oua8FvaS0PK9OMAiM1nmuiumK0/getUpdates "HTTP/1.1 200 OK"
2026-02-04 21:32:02,788 INFO HTTP Request: POST https://api.telegram.org/bot8544588795:AAFq99-I0Oua8FvaS0PK9OMAiM1nmuiumK0/getUpdates "HTTP/1.1 200 OK"
2026-02-04 21:32:13,216 INFO HTTP Request: POST https://api.telegram.org/bot8544588795:AAFq99-I0Oua8FvaS0PK9OMAiM1nmuiumK0/getUpdates "HTTP/1.1 200 OK"
2026-02-04 21:32:23,586 INFO HTTP Request: POST https://api.telegram.org/bot8544588795:AAFq99-I0Oua8FvaS0PK9OMAiM1nmuiumK0/getUpdates "HTTP/1.1 200 OK"
2026-02-04 21:32:33,983 INFO HTTP Request: POST https://api.telegram.org/bot8544588795:AAFq99-I0Oua8FvaS0PK9OMAiM1nmuiumK0/getUpdates "HTTP/1.1 200 OK"
2026-02-04 21:32:44,355 INFO HTTP Request: POST https://api.telegram.org/bot8544588795:AAFq99-I0Oua8FvaS0PK9OMAiM1nmuiumK0/getUpdates "HTTP/1.1 200 OK"
2026-02-04 21:32:54,724 INFO HTTP Request: POST https://api.telegram.org/bot8544588795:AAFq99-I0Oua8FvaS0PK9OMAiM1nmuiumK0/getUpdates "HTTP/1.1 200 OK"
2026-02-04 21:33:05,092 INFO HTTP Request: POST https://api.telegram.org/bot8544588795:AAFq99-I0Oua8FvaS0PK9OMAiM1nmuiumK0/getUpdates "HTTP/1.1 200 OK"
2026-02-04 21:33:15,493 INFO HTTP Request: POST https://api.telegram.org/bot8544588795:AAFq99-I0Oua8FvaS0PK9OMAiM1nmuiumK0/getUpdates "HTTP/1.1 200 OK"
2026-02-04 21:33:25,868 INFO HTTP Request: POST https://api.telegram.org/bot8544588795:AAFq99-I0Oua8FvaS0PK9OMAiM1nmuiumK0/getUpdates "HTTP/1.1 200 OK"
2026-02-04 21:33:36,243 INFO HTTP Request: POST https://api.telegram.org/bot8544588795:AAFq99-I0Oua8FvaS0PK9OMAiM1nmuiumK0/getUpdates "HTTP/1.1 200 OK"
2026-02-04 21:33:46,617 INFO HTTP Request: POST https://api.telegram.org/bot8544588795:AAFq99-I0Oua8FvaS0PK9OMAiM1nmuiumK0/getUpdates "HTTP/1.1 200 OK"
2026-02-04 21:33:56,991 INFO HTTP Request: POST https://api.telegram.org/bot8544588795:AAFq99-I0Oua8FvaS0PK9OMAiM1nmuiumK0/getUpdates "HTTP/1.1 200 OK"
2026-02-04 21:34:07,368 INFO HTTP Request: POST https://api.telegram.org/bot8544588795:AAFq99-I0Oua8FvaS0PK9OMAiM1nmuiumK0/getUpdates "HTTP/1.1 200 OK"
2026-02-04 21:34:17,753 INFO HTTP Request: POST https://api.telegram.org/bot8544588795:AAFq99-I0Oua8FvaS0PK9OMAiM1nmuiumK0/getUpdates "HTTP/1.1 200 OK"
2026-02-04 21:34:28,504 INFO HTTP Request: POST https://api.telegram.org/bot8544588795:AAFq99-I0Oua8FvaS0PK9OMAiM1nmuiumK0/getUpdates "HTTP/1.1 200 OK"
2026-02-04 21:34:38,878 INFO HTTP Request: POST https://api.telegram.org/bot8544588795:AAFq99-I0Oua8FvaS0PK9OMAiM1nmuiumK0/getUpdates "HTTP/1.1 200 OK"
2026-02-04 21:34:49,247 INFO HTTP Request: POST https://api.telegram.org/bot8544588795:AAFq99-I0Oua8FvaS0PK9OMAiM1nmuiumK0/getUpdates "HTTP/1.1 200 OK"
2026-02-04 21:34:59,617 INFO HTTP Request: POST https://api.telegram.org/bot8544588795:AAFq99-I0Oua8FvaS0PK9OMAiM1nmuiumK0/getUpdates "HTTP/1.1 200 OK"
2026-02-04 21:35:09,987 INFO HTTP Request: POST https://api.telegram.org/bot8544588795:AAFq99-I0Oua8FvaS0PK9OMAiM1nmuiumK0/getUpdates "HTTP/1.1 200 OK"
2026-02-04 21:35:20,358 INFO HTTP Request: POST https://api.telegram.org/bot8544588795:AAFq99-I0Oua8FvaS0PK9OMAiM1nmuiumK0/getUpdates "HTTP/1.1 200 OK"
2026-02-04 21:35:30,744 INFO HTTP Request: POST https://api.telegram.org/bot8544588795:AAFq99-I0Oua8FvaS0PK9OMAiM1nmuiumK0/getUpdates "HTTP/1.1 200 OK"
2026-02-04 21:35:41,115 INFO HTTP Request: POST https://api.telegram.org/bot8544588795:AAFq99-I0Oua8FvaS0PK9OMAiM1nmuiumK0/getUpdates "HTTP/1.1 200 OK"
2026-02-04 21:35:51,483 INFO HTTP Request: POST https://api.telegram.org/bot8544588795:AAFq99-I0Oua8FvaS0PK9OMAiM1nmuiumK0/getUpdates "HTTP/1.1 200 OK"
2026-02-04 21:36:01,895 INFO HTTP Request: POST https://api.telegram.org/bot8544588795:AAFq99-I0Oua8FvaS0PK9OMAiM1nmuiumK0/getUpdates "HTTP/1.1 200 OK"
2026-02-04 21:36:12,647 INFO HTTP Request: POST https://api.telegram.org/bot8544588795:AAFq99-I0Oua8FvaS0PK9OMAiM1nmuiumK0/getUpdates "HTTP/1.1 200 OK"
2026-02-04 21:36:23,042 INFO HTTP Request: POST https://api.telegram.org/bot8544588795:AAFq99-I0Oua8FvaS0PK9OMAiM1nmuiumK0/getUpdates "HTTP/1.1 200 OK"
2026-02-04 21:36:33,410 INFO HTTP Request: POST https://api.telegram.org/bot8544588795:AAFq99-I0Oua8FvaS0PK9OMAiM1nmuiumK0/getUpdates "HTTP/1.1 200 OK"
2026-02-04 21:36:44,121 INFO HTTP Request: POST https://api.telegram.org/bot8544588795:AAFq99-I0Oua8FvaS0PK9OMAiM1nmuiumK0/getUpdates "HTTP/1.1 200 OK"
2026-02-04 21:36:54,837 INFO HTTP Request: POST https://api.telegram.org/bot8544588795:AAFq99-I0Oua8FvaS0PK9OMAiM1nmuiumK0/getUpdates "HTTP/1.1 200 OK"
2026-02-04 21:37:05,204 INFO HTTP Request: POST https://api.telegram.org/bot8544588795:AAFq99-I0Oua8FvaS0PK9OMAiM1nmuiumK0/getUpdates "HTTP/1.1 200 OK"
2026-02-04 21:37:15,896 INFO HTTP Request: POST https://api.telegram.org/bot8544588795:AAFq99-I0Oua8FvaS0PK9OMAiM1nmuiumK0/getUpdates "HTTP/1.1 200 OK"
2026-02-04 21:37:26,275 INFO HTTP Request: POST https://api.telegram.org/bot8544588795:AAFq99-I0Oua8FvaS0PK9OMAiM1nmuiumK0/getUpdates "HTTP/1.1 200 OK"
2026-02-04 21:37:36,718 INFO HTTP Request: POST https://api.telegram.org/bot8544588795:AAFq99-I0Oua8FvaS0PK9OMAiM1nmuiumK0/getUpdates "HTTP/1.1 200 OK"
2026-02-04 21:37:47,163 INFO HTTP Request: POST https://api.telegram.org/bot8544588795:AAFq99-I0Oua8FvaS0PK9OMAiM1nmuiumK0/getUpdates "HTTP/1.1 200 OK"
2026-02-04 21:37:57,536 INFO HTTP Request: POST https://api.telegram.org/bot8544588795:AAFq99-I0Oua8FvaS0PK9OMAiM1nmuiumK0/getUpdates "HTTP/1.1 200 OK"
2026-02-04 21:38:08,216 INFO HTTP Request: POST https://api.telegram.org/bot8544588795:AAFq99-I0Oua8FvaS0PK9OMAiM1nmuiumK0/getUpdates "HTTP/1.1 200 OK"
2026-02-04 21:38:19,524 INFO HTTP Request: POST https://api.telegram.org/bot8544588795:AAFq99-I0Oua8FvaS0PK9OMAiM1nmuiumK0/getUpdates "HTTP/1.1 200 OK"
2026-02-04 21:38:29,894 INFO HTTP Request: POST https://api.telegram.org/bot8544588795:AAFq99-I0Oua8FvaS0PK9OMAiM1nmuiumK0/getUpdates "HTTP/1.1 200 OK"
2026-02-04 21:38:40,310 INFO HTTP Request: POST https://api.telegram.org/bot8544588795:AAFq99-I0Oua8FvaS0PK9OMAiM1nmuiumK0/getUpdates "HTTP/1.1 200 OK"
2026-02-04 21:38:50,693 INFO HTTP Request: POST https://api.telegram.org/bot8544588795:AAFq99-I0Oua8FvaS0PK9OMAiM1nmuiumK0/getUpdates "HTTP/1.1 200 OK"
2026-02-04 21:39:01,060 INFO HTTP Request: POST https://api.telegram.org/bot8544588795:AAFq99-I0Oua8FvaS0PK9OMAiM1nmuiumK0/getUpdates "HTTP/1.1 200 OK"
2026-02-04 21:39:11,429 INFO HTTP Request: POST https://api.telegram.org/bot8544588795:AAFq99-I0Oua8FvaS0PK9OMAiM1nmuiumK0/getUpdates "HTTP/1.1 200 OK"
2026-02-04 21:39:21,802 INFO HTTP Request: POST https://api.telegram.org/bot8544588795:AAFq99-I0Oua8FvaS0PK9OMAiM1nmuiumK0/getUpdates "HTTP/1.1 200 OK"
2026-02-04 21:39:32,175 INFO HTTP Request: POST https://api.telegram.org/bot8544588795:AAFq99-I0Oua8FvaS0PK9OMAiM1nmuiumK0/getUpdates "HTTP/1.1 200 OK"
2026-02-04 21:39:42,570 INFO HTTP Request: POST https://api.telegram.org/bot8544588795:AAFq99-I0Oua8FvaS0PK9OMAiM1nmuiumK0/getUpdates "HTTP/1.1 200 OK"
2026-02-04 21:39:52,939 INFO HTTP Request: POST https://api.telegram.org/bot8544588795:AAFq99-I0Oua8FvaS0PK9OMAiM1nmuiumK0/getUpdates "HTTP/1.1 200 OK"
